
============= barak_new============= 
1	fuel flow indcator	218400190	0001,151,128	barak_new (file dosent exist)
2	VVI 	218400208	1,200	barak_new (file dosent exist)
3	cabin pressure indecator	218880953	1,74	barak_new (file dosent exist)
4	מחוון NOZEL POSITION	218880912	001,0101,0100,019	barak_new (file dosent exist)
5	ftit מחוון	218880938	181,0128	barak_new (file dosent exist)
6	stanby comps indcator	218880987	1,108,57	barak_new (file dosent exist)
7	Altmeter indcator	218880482	140	barak_new (file dosent exist)
8	engine oil press indcator	218880896	65,76	barak_new (file dosent exist)
9	Liquid oxy indecator	218880920	30,68	barak_new (file dosent exist)
10	hyd oll press indcator	218880904	2,1,116,124,126,19	barak_new (file dosent exist)
12	rpm indecator	218401198	112	barak_new (file dosent exist)
13	epu fuel indecator	218880433	204	barak_new (file dosent exist)
14	מלוין altimeter (מד גובה)	218893063	11,14,1	barak_new (file dosent exist)
15	מד מהירות	218880961	143,14	barak_new (file dosent exist)
18	ADI EU	2318-01	4	barak_new (file dosent exist)
19	avtr panel	218402709	98747	barak_new (file dosent exist)
20	eng jet panel	218880052	861106,0001	barak_new (file dosent exist)
22	ADI	218456713	388	barak_new (file dosent exist)
23	Ext Lighti 1 Panel	218900256	98747	barak_new (file dosent exist)
24	AIR PANEL 	218900249	050C-1169	barak_new (file dosent exist)
26	Audio 1 panel	218400380	36378	barak_new (file dosent exist)
27	Anti Ice	218900223	98747	barak_new (file dosent exist)
30	Epu Panel	218880078	1A25	barak_new (file dosent exist)
31	פנל תאורות שוקולדה	288233844288233877	1415,8861806	barak_new (file dosent exist)
32	פנל TEST	288206576	480628	barak_new (file dosent exist)
33	פנל ENG CONT (SEC)	81755ASS4	7611j250	barak_new (file dosent exist)
34	Elec panel	288201247	s018511	barak_new (file dosent exist)
35	Anti G Panel	218402766	1A35	barak_new (file dosent exist)
37	DR	69057B-00	14,55,16	barak_new (file dosent exist)
38	ANALOG	50334A-01	115,116 	barak_new (file dosent exist)
39	lru	892005992	214,199	barak_new (file dosent exist)
40	מעצור אויר	8430003	a91496,a73142,a48918	barak_new (file dosent exist)
41	סטיק 	288300106	0077	barak_new (file dosent exist)
42	מצערת ברק	288202435	3146, 846	barak_new (file dosent exist)
43	ידית נטישה	3828677-3	1,2	barak_new (file dosent exist)
46	כבל אופטי 5 מטר	360-010011-131	1,2,3	barak_new (file dosent exist)
47	GeForce GTX295	017-P3-1295-AR	524d41,92213,2016	barak_new (file dosent exist)
48	RGB Spectrum (hud mixer)	218113827	681521	barak_new (file dosent exist)
49	ספק VME 	00017327N		barak_new (file dosent exist)
50	תושבת למגירת ספקים	00018156n	001,002,003	barak_new (file dosent exist)
51	מסך מחשב 19" תצוגה	LS19MYMEQQA	MY19HMFS909918E	barak_new (file dosent exist)
54	שברון(רמזור) ימני 	288000029	2298	barak_new (file dosent exist)
55	מפצל וידאו +ממיר 	vp-413	0117717800155	barak_new (file dosent exist)
56	פנס תאורה מתחת ל HUD 	15-0411-5	0806,0611,9306,0809,200,0305,0210	barak_new (file dosent exist)
57	כרטיס ממסרים	pcld-785b-ae	1AA3840460,1AA3840545	barak_new (file dosent exist)
58	raritan kvm	urkvmg	p29c6009,ub710085,p29c6011	barak_new (file dosent exist)
61	כרטיס PCI VME 	85851325	908273	barak_new (file dosent exist)
63	AUDIO MATRIX	0004386n	300701	barak_new (file dosent exist)
64	כרטיס VME +כבל אופטי	85853630	874224	barak_new (file dosent exist)
66	צמת מסך RWR	IZK1990	001,002,003	barak_new (file dosent exist)
67	LCD controler (RWR)	SFD035VX2-ADV	0330, 0021, 0256, 0367, 0258	barak_new (file dosent exist)
68	LCD (RWR)	PD035VX2	AAH18, AAH19, W8B5-4, W8A3-2	barak_new (file dosent exist)
71	כבל למחשבי תצוגה	68529A0001A	001	barak_new (file dosent exist)
73	לוח אם 	MBD-C2SBA-0	001,002,004,005,006	barak_new (file dosent exist)
74	לוח אם למחשב RECORDER	C2SBC-Q	1391	barak_new (file dosent exist)
75	מקרן ברקו	R9240381	1391414328,1190039100	barak_new (file dosent exist)
76	לייזר לכיול מקרנים	R9898351	6890053108, 6890053107, 6890053106	barak_new (file dosent exist)
79	אוזניות טייס	12507G-13	5965-01-446-1506	barak_new (file dosent exist)
80	כריות לאוזניות טייס	18316G-02	1,2,3	barak_new (file dosent exist)
81	זיכרון למחשב תצוגה	BP113JY.FF	201112MT	barak_new (file dosent exist)
82	שלט למקרנים	B1901645	001, 002	barak_new (file dosent exist)
84	מנורות למקרנים ברקו	R9841823		barak_new (file dosent exist)
85	כבלים לhud mixer	DB9P-DB9J-6	6FT	barak_new (file dosent exist)
86	כבלים ל 4 view	E192255	226	barak_new (file dosent exist)
88	פלגים ל- HSI	7819601-50	128802	barak_new (file dosent exist)
90	כרטיס DEMODULATOR	218810018	236	barak_new (file dosent exist)
91	שברון שמאלי	288000011	1780,2593	barak_new (file dosent exist)
92	ICP 	869070367	120	barak_new (file dosent exist)
100	מאחד וידאו	c2-1100	001,002	barak_new (file dosent exist)
102	רכזת phantom	6954	3231300015697	barak_new (file dosent exist)
104	usb to ps/2	N14663	PDD9700184	barak_new (file dosent exist)
105	ספקים למערכת תצוגה 	CMX 850W	0934 , 0937 ,0935 , 0936	barak_new (file dosent exist)
106	פנס מפות	288005309	980200,0709	barak_new (file dosent exist)
108	כרטיס VME MASTER	332-010193-001B	A-507921	barak_new (file dosent exist)
110	רמקולים לעמדת מדריך	51MF0405AA001	2588T	barak_new (file dosent exist)
111	ספק מתח למכשיר הfast	103006000601	70008714, 70008715	barak_new (file dosent exist)
114	FAST	506A0685-52	959710-010 /964852-003/93546-1279	barak_new (file dosent exist)
115	MICRO PNEUMATIC LOGIC INC	MO-00121204N	1APL00490	barak_new (file dosent exist)
116	מיקרופון שולחני	MUD-546	01, 02	barak_new (file dosent exist)
118	רמקול למאמן	05003690358-5	001	barak_new (file dosent exist)
119	מחשב/אקדח  לכיול מקרנים CHROWA	CS-100A	78124011	barak_new (file dosent exist)
120	זכוכית מלבנית למקרן ברקו (משומשת)	r842894k	001	barak_new (file dosent exist)
122	STBY ADI	218880441	0001	barak_new (file dosent exist)
123	4 VIEW	SDQ-420	A8400267	barak_new (file dosent exist)
124	NVIS	288229891	001	barak_new (file dosent exist)
125	ספק מתח RWR	ADFD120	001, 002	barak_new (file dosent exist)
126	מגירות לדיסק קשיח	s-11wm	001,002,003,004,005	barak_new (file dosent exist)
127	HSI	218881019		barak_new (file dosent exist)
128	כרטיס מסך למחשב SMSS	4895147112602	0153054197	barak_new (file dosent exist)
129	ממיר וידיאו svideo to vga	007560		barak_new (file dosent exist)
133	VIDEO COMPONET SPLITTER	VM-40	515887	barak_new (file dosent exist)
134	כרטיס מסך HDMI Qleadtek	px9500gt	W02G0774	barak_new (file dosent exist)
135	CDEEU	 869030015		barak_new (file dosent exist)
136	PTT-עמדת מדריך	7a32b	2	barak_new (file dosent exist)
137	פנל אזהרות	288201098		barak_new (file dosent exist)
138	זיכרונות למחשבי המאמן	9905321-031		barak_new (file dosent exist)
139	שעון זמנים	202490017	102	barak_new (file dosent exist)
141	מעבד INTEL Q6600	3570583	L719A500 , L738A357	barak_new (file dosent exist)
142	מעבד INTEL Q9400	SLBV7	L932B786, L926B206	barak_new (file dosent exist)
143	מעבד INTEL I7920	I7-920	3949A360, 3919A492	barak_new (file dosent exist)
145	מחוון דלק (fuel qty)	218880458		barak_new (file dosent exist)
146	פנל פיונית אויר 	2238-01	1611	barak_new (file dosent exist)
148	manual trim	203881032	0144	barak_new (file dosent exist)
149	פנל בקרת טיסה	218402725	001	barak_new (file dosent exist)
150	MASTER CAUTION LIGHT	288460165	 3740, 3477,	barak_new (file dosent exist)
151	ספק מתחים למערכת היגוי 	888000052	1603	barak_new (file dosent exist)
153	ממיר מתח 	218903284	181859/328538	barak_new (file dosent exist)
155	פנל fuel qty sel	81755-16f4314-7	514, 51445	barak_new (file dosent exist)
156	ew כבל למסך	ITT-9745-112	MD1-21SH11	barak_new (file dosent exist)
157	מגבר לשלט ברקו	PD-35016	c1628655500005326,c1637655500003578	barak_new (file dosent exist)
158	fold mirror for sim5	R84289021K	null	barak_new (file dosent exist)
159	master arm מפסק	274106426	001	barak_new (file dosent exist)
160	פנל MISC	66311-7	59057	barak_new (file dosent exist)
161	פנל דלק  FUEL	288231160	19582	barak_new (file dosent exist)
165	צמת ניתוק מהיר תק"ע	854430089	5021	barak_new (file dosent exist)
166	CCU	854003936	3025	barak_new (file dosent exist)
167	נתב SISCO SR 2016	SR2016	214	barak_new (file dosent exist)
168	כרטיס PNP	R764506/2		barak_new (file dosent exist)
169	כבל HDMI	42956	1	barak_new (file dosent exist)
170	SWITCH מערכת תצוגה	218113116	3952	barak_new (file dosent exist)
171	כרטיס מסך NVIDIA K600	699-520120501-400	0322313027840	barak_new (file dosent exist)
176	לוח אם למחשבי תצוגה	DX58S0	01, 02, 03, 04	barak_new (file dosent exist)
177	usb to com	U-224		barak_new (file dosent exist)
181	hud eu	856505003	k0656c4352	barak_new (file dosent exist)
182	פנס ברך	15-0419-1		barak_new (file dosent exist)
184	DS	68639A-00	13 , 06	barak_new (file dosent exist)
185	HSI EU	218881001	38,002,001	barak_new (file dosent exist)
186	כבל אופטי 10 מ	7-603856-801208	1	barak_new (file dosent exist)
187	מגבר למערכת תצוגה barco	r9828122	3874,1574,3877,3876,1579,3985,3871	barak_new (file dosent exist)
188	כרטיס מסך G550	sdg614	kfv58200	barak_new (file dosent exist)
189	כבל מתח למחשב	001AA	001,002,003	barak_new (file dosent exist)
190	שנאי- 12VDC	ADFF120	500WEU	barak_new (file dosent exist)
191	בית מנורה צד ברק	72914	C8859-4	barak_new (file dosent exist)
192	עדשה למקרן SIM5	R9840950		barak_new (file dosent exist)
193	GTX 780	DC0C3GD5	A13	barak_new (file dosent exist)
194	VIDEO DISTRIBUTOR	VM-1042/220	03600020	barak_new (file dosent exist)
198	ברק-צמת בדיקת מצערת	672914Q12	40027001	barak_new (file dosent exist)
199	PTT רגל	632-5	6908/6907	barak_new (file dosent exist)
200	מאריך USB	UE2120H	098, 099, 097	barak_new (file dosent exist)
201	נתב SISCO- SR224	SR224	GEB1087	barak_new (file dosent exist)
202	excalibur systems	1553	1	barak_new (file dosent exist)
203	ZUP36-12	ZUP 36-12	LOC-839A177-0013	barak_new (file dosent exist)
205	מחשב IG	E85-05683	32270,32271,32274	barak_new (file dosent exist)
207	כרטיס COM למחשב	SUPCI232-2	1411	barak_new (file dosent exist)
208	select memory panel	218402741	17	barak_new (file dosent exist)
209	BUTTKICKER	BKA1000-N	A0011034	barak_new (file dosent exist)
210	kramer/VGA TO BNC	vp-503xl	1	barak_new (file dosent exist)
211	KRAMER	KR-ISP	710	barak_new (file dosent exist)
212	power 1024	1738998	d383	barak_new (file dosent exist)
213	פלגים לHSI EU	7819601-50-EU	10138	barak_new (file dosent exist)
214	נורית ירוקים	65-0938-25	982	barak_new (file dosent exist)
215	מנורות למקרן SIM5	PLIG-9881	1,2,3,4,5,6,7,8,9,10,	barak_new (file dosent exist)
216	hp elitedesk 800 מחשב שמע 	Y1B39AV	7L1V , 7L1X , 7L1W	barak_new (file dosent exist)
217	ערכה עבור מגירת ספקים	371404	1	barak_new (file dosent exist)
============= sufa_new============= 
1	ספקים למחשבי Z420	623193-001	null	sufa_new (file dosent exist)
2	AUDIO RIU	RIU-V41/218114023	25292/20146/34041/20435	sufa_new (file dosent exist)
3	HUB TO USB	JU-H4M033	00284, 00293	sufa_new (file dosent exist)
4	DVAS MEM	349697-005	367727-001	sufa_new (file dosent exist)
5	IRIG CARD	560-5907-U	q21256	sufa_new (file dosent exist)
7	DVAS VIDEO CARD	EE061UT		sufa_new (file dosent exist)
8	 (glc )SOUND COMPRESSOR FOR COM IOS	CL-151		sufa_new (file dosent exist)
9	VIDEO AMP PARTS	0631283759		sufa_new (file dosent exist)
10	STI SERIAL PORT	218114023		sufa_new (file dosent exist)
11	TEST CARD 1553 PCI W/3 MODULE	00029745N	0571	sufa_new (file dosent exist)
12	turbine temp ind	10-6180 cfg 01	101	sufa_new (file dosent exist)
13	SWITCH BOX IOS COM-קופסת שידור 	3662270-611-101	4a3w7	sufa_new (file dosent exist)
14	ערכת חיבור HD SATA ל- USB	VPA-35018-S-C		sufa_new (file dosent exist)
15	DRLMS VIDEO CARD	qms-3407	17728004, 17728006	sufa_new (file dosent exist)
16	  ספק לארון ASC POWER SUPPLY 24V 50W	99987035M	16,402,3	sufa_new (file dosent exist)
17	SGI POWER SUPPLY	DPS-500EB E	XPD0614001936, XPD0426003825	sufa_new (file dosent exist)
18	SYNCRO    VME CARD 2B/S  CHANNALS 	64CS3-02CSP8-01-syn	25988	sufa_new (file dosent exist)
21	SUS	86403A-00	0004 AR	sufa_new (file dosent exist)
22	AIM9	47801a	0022	sufa_new (file dosent exist)
23	DS	68638A-01	39,38,31	sufa_new (file dosent exist)
24	VME MASTER	332-010193-01000f	426177	sufa_new (file dosent exist)
25	ANALOG	50333A-00	0078	sufa_new (file dosent exist)
26	DR כרטיס	69057A-00	0051, 0049, 0054	sufa_new (file dosent exist)
27	כבל אופטי VME	680120	01	sufa_new (file dosent exist)
28	DVDRW	384732-MD2	AW-Q170A-B2 / 551ha001989	sufa_new (file dosent exist)
29	PCI TO VME      	85854346	820294,,805895	sufa_new (file dosent exist)
30	IOS Memory	PDC2G3200LLK		sufa_new (file dosent exist)
31	כבל אופטי תצוגה	M1C09010283		sufa_new (file dosent exist)
32	DCAS POWER SUPPLY	0JD090-16293-63i-017q		sufa_new (file dosent exist)
33	POWER SUPPLY 	00031777N	5073320065,5062610031	sufa_new (file dosent exist)
34	ספרות+שלטים למקרנים	302000500		sufa_new (file dosent exist)
35	POWER SUPPLY 19" +-28/+-12	00017327N		sufa_new (file dosent exist)
36	HUD EU	869050013	562	sufa_new (file dosent exist)
37	TES MONITOR	1707FP		sufa_new (file dosent exist)
38	RGBSynchroMaster VIDEO MIXER (HUD,OTW)	Model SM555	SN 738247	sufa_new (file dosent exist)
39	RGB 4ViewXL	Model 250 XL	SN 911103	sufa_new (file dosent exist)
40	RGB 4View Model 100	218113769	62274,62541,62129	sufa_new (file dosent exist)
41	VIDEO DISTRIBUTION AMPILFIRE	00030726N		sufa_new (file dosent exist)
42	TES 1470W POWER SUPPLY	mx-0rc220-70461-54d-6352		sufa_new (file dosent exist)
43	 מארז ללא ספק IOS/DEBRIEF	ANTEC 3U		sufa_new (file dosent exist)
44	NETWORK SWITCH HOST	272-10022-02	12326A5M00152	sufa_new (file dosent exist)
45	מגבר שמע ALESIS	ELBIT NUMBER:MO00070832N	01	sufa_new (file dosent exist)
46	KIT FOR HUD-DU	0011-ABC	01	sufa_new (file dosent exist)
48	מחשב  -ASTI מחשב AUDIO DACS	ND-2U-TA1-HA1-F2-RD                 	25569	sufa_new (file dosent exist)
49	HOST Computer	CMN026		sufa_new (file dosent exist)
50	PC RACK MANAGER 151N W/UPM - KVM	00025353N		sufa_new (file dosent exist)
51	זיכרון 1G KINGSTON	800D2N6		sufa_new (file dosent exist)
52	זיכרון 2G KINGSTON	xw8200		sufa_new (file dosent exist)
54	NET POWER SUPPLY FOR CISCO HUB	PWR-C45-1000AC		sufa_new (file dosent exist)
55	DVAS M.B	359875-005	0017a4990be7	sufa_new (file dosent exist)
56	Cockpit PC Mother Board	Intel Desktop Board	001CC086DE3E	sufa_new (file dosent exist)
57	LAN CARD	393626-001		sufa_new (file dosent exist)
58	Cockpit PC CPU	Intel CORE 2 DUO		sufa_new (file dosent exist)
59	VIDEO ENCODER DVAS	DP060111	GAM1230HP0024	sufa_new (file dosent exist)
60	VIDEO SWITCH - PANEL NOT INCLUDED	LHT10247988008		sufa_new (file dosent exist)
62	VME slave	5532L	A499988	sufa_new (file dosent exist)
71	כרטיס רשת למחשב HOST	030-2126-001		sufa_new (file dosent exist)
80	Cockpit PC Memory cards	CM3X1024-1333C9DHX	01, 02	sufa_new (file dosent exist)
91	PHANTOM SPECTER SLAVE BOX	00020239N	991421700004	sufa_new (file dosent exist)
98	Board PCI WMUX	800-120075-008	688678	sufa_new (file dosent exist)
101	SYNCRO RESOLVER ENCODER	00045073N	null	sufa_new (file dosent exist)
107	DASH IV SPS	869070094	Loud P/N 5146L000-1	sufa_new (file dosent exist)
108	BRU MOUNT KIT	P/N 16VE100308-1	Elbit P/N AK28515B-00	sufa_new (file dosent exist)
109	BRU  	P/N 16VE100307-1		sufa_new (file dosent exist)
110	TWIST HANDEL JOYSTICK	P/N 863225-1000	null	sufa_new (file dosent exist)
113	PCI A7165-6-X12MWR2-LVDT	p7	114,776	sufa_new (file dosent exist)
115	COMPONENTS KIT INCLUDING:	TBD	null	sufa_new (file dosent exist)
116	FAN UNIT 19IN 1U 3X162CM/H22	99683331M	2645	sufa_new (file dosent exist)
117	BLOWER BLDC BYPASS 240V 110CF	00006161N	2	sufa_new (file dosent exist)
118	LAMP CARTRIDGE 28V 20 MA	39010407M		sufa_new (file dosent exist)
119	LAMP CARTRIDGE 14V 20 MA	33055204M		sufa_new (file dosent exist)
120	CIRC BREAK 3P 32A W=18MM              	00015410N            		sufa_new (file dosent exist)
121	CIRC BREAK 3P 20A AC LEVER W=18MM     	99622312M            		sufa_new (file dosent exist)
122	CIRC BREAK 1P 4A AC W=18MM            	99622318M            		sufa_new (file dosent exist)
123	CIRC BREAK 1P 16A W=18MM              	99975230M            		sufa_new (file dosent exist)
124	CIRC BREAK 1P 10A W=18MM              	99975231M            		sufa_new (file dosent exist)
125	CIRC BREAK 1P 2A W=18MM               	99975233M            		sufa_new (file dosent exist)
126	CIRC BREAK 1P 3A W=18MM               	99622317M		sufa_new (file dosent exist)
127	CIRC BREAK 1P 6A                      	99975234M            		sufa_new (file dosent exist)
128	CIRC BREAK 1P 32A W=18MM	99975235M		sufa_new (file dosent exist)
129	CIRC BREAK 3P 4A W=18MM	99975238M	01, 02	sufa_new (file dosent exist)
130	CIRC BREAK 3P 25A AC LEVER W=18MM     	999752421M            	01,02	sufa_new (file dosent exist)
131	CONTACTOR 3PHASE 55A DC OPERA         	99831101M            		sufa_new (file dosent exist)
132	RELAY 4PDT 24V 10A                    	99853906M            		sufa_new (file dosent exist)
133	RELAY DPDT 24V 10A                    	99853908M            		sufa_new (file dosent exist)
134	RELAY MULTI-FUNCTION                  	99975257M            	1,2,3	sufa_new (file dosent exist)
135	TRAFO POWER 115/26V 2A 400HZ          	35431600M		sufa_new (file dosent exist)
139	ECIU	מק"ט ח"א:606842250	817SSC0289	sufa_new (file dosent exist)
140	ICDP	מק"ט ח"א: 869040006	PN nd137b-02	sufa_new (file dosent exist)
141	CDEEU	מק"ט ח"א: 869030015	owec9c1659	sufa_new (file dosent exist)
142	MFCD	869040022	10138c0590	sufa_new (file dosent exist)
144	DED PS	 מק"ט ח"א-856600002	9691c0836	sufa_new (file dosent exist)
149	DTE	05142000012-30	0620	sufa_new (file dosent exist)
150	ADTE/DTE Cartridge	d5142000012-30	null	sufa_new (file dosent exist)
153	EVMU	PN ח"א5438100-001	2j622c0044	sufa_new (file dosent exist)
155	ARC164 Panel	902160548 	19	sufa_new (file dosent exist)
169	STICK	288460181	0328, 01210	sufa_new (file dosent exist)
170	משדר סטיק/STICK TRANSMITTER	NSN 6615-01-061-8983WF	SN AST-2936	sufa_new (file dosent exist)
175	Oxygen PANEL - Modified	266-601B	01, 02, 03, 04	sufa_new (file dosent exist)
183	FLT CONTROL Panel	100701H20472	002	sufa_new (file dosent exist)
194	LG Panel	100701H20376	002	sufa_new (file dosent exist)
197	Stby Attitude Ind.	4HW01139/MFR P/N 10-6175cfg 01	101	sufa_new (file dosent exist)
198	FUEL FLOW Indicator	10-6176cfg01	102	sufa_new (file dosent exist)
199	Oil Pressure Indicator	10-6177cfg02	101	sufa_new (file dosent exist)
200	NOZ POS Indicator	10-6178cfg01	101	sufa_new (file dosent exist)
201	RPM Indicator/TACHOMETER	10-6179 cf601	101	sufa_new (file dosent exist)
202	Vertical Velocity Indicator (VVI)	100701H20368|ELBIT NUMBER:MO00071868N	102	sufa_new (file dosent exist)
205	AOA Indicator	10-6174cfg01	102	sufa_new (file dosent exist)
207	Air speed /Mach Indicator	4HW01135/ MFR P/N 10-6171		sufa_new (file dosent exist)
208	Attitude Direction Indicator ( ADI )	106181cfg01	101	sufa_new (file dosent exist)
209	HSI (HSI)	106188cfg01	102	sufa_new (file dosent exist)
210	Altimeter	4HW01136/MFR P/N 10-6172 CF601	101	sufa_new (file dosent exist)
211	MISC Panel	10070-102-001-00	002	sufa_new (file dosent exist)
214	HYD PRESSURE Indicator	10-6183CFG02,	102	sufa_new (file dosent exist)
216	EPU  Indicator	10-6186 cfg 01	101	sufa_new (file dosent exist)
219	Clock	100701H20568	101	sufa_new (file dosent exist)
237	REMOTE ELEC	50-4363-01	102	sufa_new (file dosent exist)
238	מצערת תא אחורי	288460397	10742	sufa_new (file dosent exist)
239	מצערת תא קידמי	288460157	631, 537	sufa_new (file dosent exist)
240	LG HANDLEידית גלגלים סופה 	288023286	1554, 1455	sufa_new (file dosent exist)
254	sioc סופה V20	191064	 52-B9/25-E1	sufa_new (file dosent exist)
255	SDAC Pilot & Co Pilot	 PN 161011150	42b2	sufa_new (file dosent exist)
256	sls	PN 5257	09/b7	sufa_new (file dosent exist)
269	Projector CompactView SX+60HA - 3D 	360-SX60VS	0950002	sufa_new (file dosent exist)
270	Lamp for Projector CompactView SX+60HA - 3D	R9801272	1,2,s272	sufa_new (file dosent exist)
272	כבל לתצוגה DVI 4LC	p8	1,2,3	sufa_new (file dosent exist)
273	DVI SPLITTER	Model No:CDVI-2H	201607280001	sufa_new (file dosent exist)
279	כרטיס מסך DRLMS	0194206016087		sufa_new (file dosent exist)
281	פנס צד (פנס מפות)	288303811	4935,120802	sufa_new (file dosent exist)
283	PCI RS485 8 PORT - מחשב CKPT PCCOM	RS485	201000660	sufa_new (file dosent exist)
284	קבל למערכת חמצן  25 מיקרו	4106		sufa_new (file dosent exist)
286	כרטיס מסך PCI VIDEO CARD	188-0tc25-0025a	11046-18	sufa_new (file dosent exist)
287	זיכרון 6200 למחשבי הhp	345112-551		sufa_new (file dosent exist)
289	סרוו לכסא טייס קידמי	XS-D1002	J5137, J5138	sufa_new (file dosent exist)
290	לוח אם למחשב DRLMS (SGI) 	MBD-H8DC8-0	ZM01S72344, ZM01572312, ZM67S70311	sufa_new (file dosent exist)
291	לוח אם MSI +מעבד	K9N NEO V2		sufa_new (file dosent exist)
292	לוח אם למחשב HP 	409646-001	PA2A60KM4TT13C	sufa_new (file dosent exist)
294	MICROSWITC 	BA-2RV-A2		sufa_new (file dosent exist)
295	כרטיס מסך למחשבי תצוגה 7900+שינוי	331005345-31	1,2,3,4,5	sufa_new (file dosent exist)
298	כרטיס מסך PCI	VGA/DVI	A090600048707	sufa_new (file dosent exist)
299	אוזניות מדריך HS-2D	1026508	02, 04, 05 ,03	sufa_new (file dosent exist)
300	ספק -5V לארון ספקים (מתחת לתא)	RA80181757	01	sufa_new (file dosent exist)
301	ספק-15V לארון ספקים (מתחת לתא)	RS-100-15	EB28130318, EN28130329	sufa_new (file dosent exist)
302	ספק-27V לארון ספקים (מתחת לתא)	EB27623999	MW	sufa_new (file dosent exist)
303	15V-20A ספק כוח 	SP320-15	EB2B181514	sufa_new (file dosent exist)
304	ידית הפלטה	3828677-3		sufa_new (file dosent exist)
305	ps2 to usb	KVUSBNF	762153, 760246, 762141	sufa_new (file dosent exist)
306	משקף לקסדה	HEL123		sufa_new (file dosent exist)
307	כבל למחשב הhost	p10	FA2227	sufa_new (file dosent exist)
308	מדפים למקרנים	p11	1,2,3,4	sufa_new (file dosent exist)
309	מחשב ספייר למאמן(לבן)	p12		sufa_new (file dosent exist)
310	מחשב דיבריף/IOS ספייר	p13	1	sufa_new (file dosent exist)
311	switch d-link	dgs-1210-24	QBFE1BB000016	sufa_new (file dosent exist)
312	  WORKSTATION SOFA XW6200 PC	p14	1	sufa_new (file dosent exist)
313	ספק למחשב SEASOUNIC 400W	CP07A61621067	null	sufa_new (file dosent exist)
314	ספק למחשב ENHANCE 300W	34900083		sufa_new (file dosent exist)
315	ספק כוח 200W	377595001	null	sufa_new (file dosent exist)
316	ספק כוח 200W	SB200PI		sufa_new (file dosent exist)
317	ספק 425W	80648, LC109XB		sufa_new (file dosent exist)
318	ספק HP	345585-002 04		sufa_new (file dosent exist)
319	כרטיס זיכרון פנימי למחשב הTES	A-3.6-01	0537	sufa_new (file dosent exist)
320	כרטיסי jenlock למערכת התצוגה	CCA-0351	00728, 00734, 00417, 00748	sufa_new (file dosent exist)
321	ספק HP 365W	437358-001		sufa_new (file dosent exist)
322	כבל ASC+VME	p1		sufa_new (file dosent exist)
323	usb to ps2	ps20	01	sufa_new (file dosent exist)
324	MICROSWITC 	vs15m		sufa_new (file dosent exist)
325	מאוררים למחשב HP	p2	1,2,3,4,5,6,7,8,9,10,11,12	sufa_new (file dosent exist)
326	מיקרופון לעמדה	522		sufa_new (file dosent exist)
327	MASTER CAUTION LIGHT	81590C3617		sufa_new (file dosent exist)
328	כרטיס ממסרים	100701H70032	001	sufa_new (file dosent exist)
329	כרטיס GCM מפצל למערכת תצוגה	pci9030	10046645,10039129	sufa_new (file dosent exist)
331	dtc	859640013	20077	sufa_new (file dosent exist)
332	dvi to pc	cp-1262de	201302060035	sufa_new (file dosent exist)
333	מחשב TES 6850	MODEL: EMM	grzp6d1	sufa_new (file dosent exist)
334	חלקים לקופסת שידור	parts123	001	sufa_new (file dosent exist)
335	אוזניות טייס	12510g-21	5,6,7,8,9,10,11	sufa_new (file dosent exist)
336	מתאם PC OTW	p15	1,2	sufa_new (file dosent exist)
337	ספק 28V 	RS-50-24	1433	sufa_new (file dosent exist)
338	בית נורה (הצפה)	c8859-7	01, 02, 03	sufa_new (file dosent exist)
339	שנאים למפצל תצוגה	FJ-SW1260502000DE	01, 02, 03, 04, 05, 06, 07, 08	sufa_new (file dosent exist)
340	זיכרון למחשב הcok	p4	1,2	sufa_new (file dosent exist)
341	AUTOPSTCH OPTIMA	568856073	1972938	sufa_new (file dosent exist)
342	פוטנצימטר למצערת	pn 176-0521-r3e	08012033 ,17090209	sufa_new (file dosent exist)
343	מחשב ASC	440462	23912, 100	sufa_new (file dosent exist)
344	כרטיס מודל למחשב הasc	85221518	826728	sufa_new (file dosent exist)
345	כרטיס VMUXׁ(SMSS)	020-120075-03	1004570	sufa_new (file dosent exist)
346	זיכרון למחשב TES	P821919	0216015	sufa_new (file dosent exist)
347	DC-AC MEMORY	M393T5660AZ3	0630	sufa_new (file dosent exist)
348	VIDEO AMP	THS4061		sufa_new (file dosent exist)
349	כרטיס PNY -NAV SPT	032	900-50294-1700-800E	sufa_new (file dosent exist)
350	כרטיס מסך DVI מיוחד	P9C47029VT35C5	CN61702840	sufa_new (file dosent exist)
351	צינור לחליפת טייס	p20	10110-01	sufa_new (file dosent exist)
352	1G כרטיס זיכרון	p6	1,2,3	sufa_new (file dosent exist)
353	רמקול לעמדת מדריך	ZC98620	EFWZ01244	sufa_new (file dosent exist)
354	כרטיס מסך 7950	VCG7950GXPB	001	sufa_new (file dosent exist)
355	מכשיר קשר	S555YT		sufa_new (file dosent exist)
356	כרטיס רשת פורט אחד	22PB501	1,2,3,4,5,6,7,8	sufa_new (file dosent exist)
357	כרטיס רשת 2 פורטים	82571	null	sufa_new (file dosent exist)
358	KRAMER VP-100 VGA TO RGB	90-010090	0050	sufa_new (file dosent exist)
359	כרטיס זיכרון  DDR3 4G	655410-150	1	sufa_new (file dosent exist)
360	כרטיס COM למחשב	SU PCI 232-2		sufa_new (file dosent exist)
361	ספק כח 5V 20A	HWS100A	01	sufa_new (file dosent exist)
362	ספק כח 15V 22A	HWS300	01	sufa_new (file dosent exist)
363	ספק כוח 1000W ALPHA	H10578		sufa_new (file dosent exist)
364	ספק כוח 24V-21V (מתאים ל 28V 11.7)	GWS500-24	01	sufa_new (file dosent exist)
366	RGB SPECTROM (HUD MIXER)	null	681213	sufa_new (file dosent exist)
367	מפצל וידאו LEITCH	218113785	3280,LHTI0137818002,LHTI0137818001	sufa_new (file dosent exist)
368	KRAMER CV IN TO OUT	E226674	0058	sufa_new (file dosent exist)
369	kramer vp503	VP-503XL	0	sufa_new (file dosent exist)
370	כבל מצערת סופה	H16DW044	1	sufa_new (file dosent exist)
371	זיכרונות Z420	500209-061	005,008,018	sufa_new (file dosent exist)
372	כבל לדוושות סופה	100701H20096	001	sufa_new (file dosent exist)
373	כרטיס ממסרים	1435	003	sufa_new (file dosent exist)
374	LAN CARD 2 יציאות	PWLA8492MTBLK5	0	sufa_new (file dosent exist)
375	LAN CARD DUAL PORT	82571-TT	NC94021709019	sufa_new (file dosent exist)
377	NVIDIA QUADRO K600 כרטיס מסך 	PDARC01UI5EA1N	0323513042628	sufa_new (file dosent exist)
378	VME CARD	64CS3-02CSP8-01	30070, 30071	sufa_new (file dosent exist)
379	כריות לאוזניות	18316G-02	01, 02	sufa_new (file dosent exist)
380	ספק מתח זאפ	ZUP36-6	LOC-021B038-0001 /2	sufa_new (file dosent exist)
381	ספק מתח זאפ	ZUP36-24	LOC-022B2000003	sufa_new (file dosent exist)
382	מפצל USB	U-181	5890	sufa_new (file dosent exist)
383	סוללות ל-ASTI	350MAH	01, 02, 03	sufa_new (file dosent exist)
384	חגורה למושב כסא טייס	G2476C	102512	sufa_new (file dosent exist)
385	samsung TV for ios	ua40d5500rm	265n	sufa_new (file dosent exist)
386	מחשב Z420	584048-001	2UA4030W76,2UA2320BHF,2UA43007JK,	sufa_new (file dosent exist)
387	DLINK-HUB	DGS1210	0189	sufa_new (file dosent exist)
388	Hud du 	79-110--01-014	0012	sufa_new (file dosent exist)
389	2GB DDR3 זיכרון	497157D88	J01,H01	sufa_new (file dosent exist)
============= baz_new============= 
10	Accelration Indicator-AUP	2031-11	0044, 0002, 0003, 0001, 0004	baz_new (file dosent exist)
11	Air Speed Indicator-F15AUP	1557-02	002 	baz_new (file dosent exist)
12	Altimeter-F15AUP 	1590-06	1	baz_new (file dosent exist)
13	Angle of Attack Indicator	1556-1	3,0002	baz_new (file dosent exist)
14	Cabin Pressure Alt	2624-10	0001, 0003, 0004, 0002	baz_new (file dosent exist)
15	Nozzle Position IndicatorAUP	2441-06	0005,  0007, 0006, 0002, 0004, 0003	baz_new (file dosent exist)
16	Oil Pressure FWD-AUP	2227-16	0001, 0002, 0003, 0004, 0005, 0006	baz_new (file dosent exist)
17	FTIT Tempeture Indicator AUP	2452-02	0003,0001,0004, 0002 	baz_new (file dosent exist)
18	FWD Fuel Quantity	1994-05	"0032", "0002", "0054"	baz_new (file dosent exist)
19	Hidraulic Pressure Indicator	2227-17	0002, 0004, 0005, 0006, 0007, 0003	baz_new (file dosent exist)
20	AFT Fuel Quantity	2275-05	0004 ,  0001	baz_new (file dosent exist)
21	Pitch Ratio-AUP	218111995	001	baz_new (file dosent exist)
22	Stand By ADI	2475-04	0006	baz_new (file dosent exist)
23	Air Speed Indicator-F15I	2624-11	0001, 0005	baz_new (file dosent exist)
24	RPM Indicator-F15AUP	1551-1	0074 , 0001 , 0132 ,0004 0202, 0005	baz_new (file dosent exist)
25	VVI VELOCITY	1555-04	0002, 0003	baz_new (file dosent exist)
27	AFT Total Fuel Indicator-F15I	2275-06	0003	baz_new (file dosent exist)
28	Hidraulic Pressure Indicator	2227-19	0004, 0005,  0009, 0006, 0008, 0007	baz_new (file dosent exist)
29	Pressure Indicator	2624-53	0003, 0001, 0004, 0006	baz_new (file dosent exist)
30	Fuel Quantity תא קידמי	1994-6	0001, 0002, 0004	baz_new (file dosent exist)
32	Altimeter-F15I STB	2314-04	0005, 0004, 0006	baz_new (file dosent exist)
33	Stand By Air Speed	2624-54	0003, 0006, 0045, 0039	baz_new (file dosent exist)
34	Pitch ratio-I	2227-20	0002, 0001	baz_new (file dosent exist)
35	Angle of Attack Indicator	1556-03_1556-04	0004, 0003	baz_new (file dosent exist)
36	Velocity Indicator	1555-03	0004, 0001	baz_new (file dosent exist)
44	Digiblend200 Computer Power supply	MV-250p(250W)	99-07-02597	baz_new (file dosent exist)
45	Digiblend200 Computer Power supply	PW-300APSA(300W)	2602819	baz_new (file dosent exist)
49	Power Supply	LR38879	PFC375-4001F/vk7747	baz_new (file dosent exist)
50	Regulator	QB2TFEE005	19986	baz_new (file dosent exist)
51	Mofler-G Suit	ES-75-NB	01	baz_new (file dosent exist)
52	Transducer-G-Suit	DSY005	46430, 46428	baz_new (file dosent exist)
53	Valve	B5G2BB549C	01, 02, 03,04	baz_new (file dosent exist)
54	Transducer-adt	Module 0605	C1115, C0116, C1114	baz_new (file dosent exist)
55	Load Cell	SC500	 4994-0005, 3802-0001, 5199-0001, 3802-0003	baz_new (file dosent exist)
56	PMI  POWER Amplifier	0088060-204	02J-215, 02J-214, 02H-216	baz_new (file dosent exist)
57	PCFCS ISA-CPU Modoule-(Control Loading)	E89382	S220009715, S040004249	baz_new (file dosent exist)
58	ATC-40 Card (Control Loading)	93082H	66196273 , 2 , 3	baz_new (file dosent exist)
59	A/D Converter  (Control Loading)	91411023-A-D	560515, 560484	baz_new (file dosent exist)
60	D/A Converter  (Control Loading)	91411023-D-A	541115, 547340, 560492, 547336 	baz_new (file dosent exist)
61	SCC Analog Interface Card(Control Loading)	0001P4000	4099004, 4099008, 4099001	baz_new (file dosent exist)
62	Auxiliary servo module (Control Loading)	4000P0002	41000013, 41000008, 41000003	baz_new (file dosent exist)
63	FAN	E8906	1,2,3,4,5,6,7,8,9,10,11,12	baz_new (file dosent exist)
64	FAN	D306M-012GK-2	01	baz_new (file dosent exist)
65	Fan	D601M-012KA-3	01	baz_new (file dosent exist)
66	Filter	FPK01-0011	01, 02, 03	baz_new (file dosent exist)
67	Emergency Compass	2018-50	0001	baz_new (file dosent exist)
68	Belt Poly V	5-00-38244-10170-7	635-5m-25	baz_new (file dosent exist)
69	Belt Poly V	8MGT-720-21	01, 02, 03, 04, 05, 06, 07, 08	baz_new (file dosent exist)
70	Jurnal adapter (מתאם לגורנל)	53400144264111R	13567-264317-3	baz_new (file dosent exist)
71	PTT	T4957054037277	PM32189	baz_new (file dosent exist)
72	Regulator	06R317AC	01, 02, 03, 04, 05	baz_new (file dosent exist)
73	Filter	11F36EC	3202	baz_new (file dosent exist)
74	Air Filter	PF7503-23405	001	baz_new (file dosent exist)
76	FI5 AFT Stick	707-8006	1417	baz_new (file dosent exist)
80	Mega Pack	MP6-76574	1600166032	baz_new (file dosent exist)
81	Mega Pack	MP7-78580	1600221032	baz_new (file dosent exist)
82	Mega Pack	MP8-78579	1600273022	baz_new (file dosent exist)
83	Mega Pack	MP7-77547	1600167032	baz_new (file dosent exist)
84	Mega Pack	MP7-79522	1600720051	baz_new (file dosent exist)
85	Fan-12VDC 2.5w	KD1208-PTB1	01, 02	baz_new (file dosent exist)
87	FUEL FLOW IND	1524-01	null	baz_new (file dosent exist)
88	CPU Cooler	Null	Null	baz_new (file dosent exist)
91	ADI	3150250-922-105	92-415	baz_new (file dosent exist)
94	ENCODER card	94-00141-02	MM11705346,MM11705452	baz_new (file dosent exist)
95	EMD LCD	RLCDT0002CE 6900443	609318148, 609318145, 309181149, 609318144	baz_new (file dosent exist)
96	ETHERNET CARD	99-012084-215	01	baz_new (file dosent exist)
97	Distribution Amplifire IG	IN3212	639522007	baz_new (file dosent exist)
99	AC adaptor 220 to 9 v	EIA 363 0150 s	01, 02	baz_new (file dosent exist)
103	ASTI Computer	DN-2U-T1-H1-F1-RD-SP	21566	baz_new (file dosent exist)
104	Motor Servo Engine	00J1613020	21473, 21471, 16987	baz_new (file dosent exist)
105	Amplifire Audio	RA200	431215	baz_new (file dosent exist)
106	Power Distribution (digibleand)	6A8RCBBMS45A	01	baz_new (file dosent exist)
107	KVM Switch	CS4A		baz_new (file dosent exist)
108	HUB Ethernet Switch(Cajun)	4K8	5345045	baz_new (file dosent exist)
109	Speaker Self Power	86792518015	HM01516	baz_new (file dosent exist)
110	שנאי Transformator	77-10032-012	01, 02	baz_new (file dosent exist)
111	מגבר כסא סרוו	01P4024	2340107,0203016,02340105	baz_new (file dosent exist)
113	Simulator Measurment System ארגז כסוף	Model 4500		baz_new (file dosent exist)
117	כבל	CAB1	01, 02, 03	baz_new (file dosent exist)
120	מאוורר למחשב הdrlms	4715KL-04W-B46	01, 02, 03, 04, 05, 06, 07, 08	baz_new (file dosent exist)
121	ידית בלמים בחירום קצר	68B650058-103	ESC 76301	baz_new (file dosent exist)
122	ידית גלגלים בחירום ארוך	1	1	baz_new (file dosent exist)
126	מיקרופונים לקסדה	300028004	01, 02	baz_new (file dosent exist)
128	עדשה	ADASH12	01	baz_new (file dosent exist)
131	UFC    רעם	2020-556	1	baz_new (file dosent exist)
134	משאבה ונטורית	CV-20LSN	01, 02, 03, 04	baz_new (file dosent exist)
136	צמות לצינור חמצן לטייס	28445	01, 02, 03	baz_new (file dosent exist)
137	MUFFLER SMALL	MS12	01, 02	baz_new (file dosent exist)
138	מסילות למערכת כסא	CG20DEAN-A	01, 02, 03, 04, 05	baz_new (file dosent exist)
139	HUB Ethernet Switch-HP-1410-8G	2338J2QM	J9559-61102	baz_new (file dosent exist)
146	לחיצים למאמן בז רעם (לשימוש תא טייס)	7277-6-1/2	01	baz_new (file dosent exist)
147	סטיק תא אחורי בז	286801139	150802	baz_new (file dosent exist)
148	סטיק תא קידמי בז/רעם	854700010	652	baz_new (file dosent exist)
149	פנס שרות מפות	286070768	130912,21500	baz_new (file dosent exist)
154	משבת למצערת בז רעם	mash	01, 02	baz_new (file dosent exist)
160	Power Distribution	218113942	69483-0309004468	baz_new (file dosent exist)
162	מסך HP לעמדת מדריך	717333-201	633936-001	baz_new (file dosent exist)
163	מתאם מד סל"ד למנוע כיסא בז רעם	RCLA 16C 6X6	01	baz_new (file dosent exist)
164	FLOW SWITCH	218113850	01, 02, 03, 04, 05	baz_new (file dosent exist)
171	תאורות הצפה בז/רעם	2362-101	02	baz_new (file dosent exist)
172	POWER SUPPLY for MegaPac	VI-26L-CV	01, 02, 03, 04, 05	baz_new (file dosent exist)
174	מנורת oxybit מוטס רעם	286055959	01	baz_new (file dosent exist)
175	ספק כח למחשב AT	micro ps3	SY02153207, SY02153209	baz_new (file dosent exist)
180	fan-host	218112340	1,2,3,4,5,6,7	baz_new (file dosent exist)
181	שעון עצר	86400		baz_new (file dosent exist)
187	ממיר VGA לRGB	VP-102	689921	baz_new (file dosent exist)
195	(15v) מנוע למחווני טיסה	2233t015s	4415,1,2	baz_new (file dosent exist)
196	מנורות למקרנים ברקו	R9841823	7,12,13,14,15,16,17,18,19,20,21,22,23,24,25,26,27,28,29,30,31,	baz_new (file dosent exist)
201	TRANSFORMER	26449	3284	baz_new (file dosent exist)
202	קופסת שליטה קשר ראשית	AL-2277-1-A	103X	baz_new (file dosent exist)
203	ספק כח למקרן	R8515425K	759243, 298593, 298596	baz_new (file dosent exist)
204	PMP	R764506K	0601902024	baz_new (file dosent exist)
205	ספק כח למנורה	B400968K	462	baz_new (file dosent exist)
206	VGA TO HDMI CONVERTER	vc-180	a1i5-2610278	baz_new (file dosent exist)
207	מפצל ווידאו KRAMER	1170769190	00274	baz_new (file dosent exist)
208	RME USB&FIREWIRE AUDIO INTERFACE	23822594	23822594,23757626	baz_new (file dosent exist)
209	מקרן HUD OPTIMA 	95.8UA01GC1A	0493,0077, 0079	baz_new (file dosent exist)
210	HUB CISCO	SG110-24	DNI212307HK, FD02202E0YN	baz_new (file dosent exist)
211	8 inch LCD 	925R-003-00ZNT	220, 01111715	baz_new (file dosent exist)
212	מנועים לכיסא	4103363	004	baz_new (file dosent exist)
213	ButtKicker LFE	89811400012	01	baz_new (file dosent exist)
214	כרטיס relay / ממסרים	X813-6122-002-00	32, 33, 2	baz_new (file dosent exist)
215	EREZ PANEL	W416-201-03-11-00	001	baz_new (file dosent exist)
216	כרטיס SPIDER	045511C-00	0817 , 0812 , 0846,284	baz_new (file dosent exist)
217	ספק כח לתאורות DIMMER	PCB-104-DIMMER	2605	baz_new (file dosent exist)
218	כרטיס רשת 4 פורטים	900832-001	951007,139761	baz_new (file dosent exist)
219	כרטיס מסך GeForce GTX 1080	80NSJ6DHL4EC	8300,8305,8309	baz_new (file dosent exist)
220	ButtKicker amplifierמגבר  	EP2000-EL	103	baz_new (file dosent exist)
222	שרת הקלטות (פיצה)  RECORD SERVER	767033-B21	8182	baz_new (file dosent exist)
223	MFD בז	2020603	1007	baz_new (file dosent exist)
224	HSI בז	W416-202-01-90-00-00	0001	baz_new (file dosent exist)
225	VSD בז	2020588	1012	baz_new (file dosent exist)
226	מסך MPD רעם	2020554		baz_new (file dosent exist)
227	מסך MPCD רעם	PS100-06062-00	null	baz_new (file dosent exist)
229	HP Z440 TYPE A	z440	2UA815151XPK,2UA8151XPG, 2UA8151XP6, 2UA812269X, 2UAB151XP5	baz_new (file dosent exist)
230	מעגל אריאלי ARIELI	EA101-122-000-00		baz_new (file dosent exist)
231	kvm-חדש מאמן משודרג	CS1316		baz_new (file dosent exist)
234	צג MFD 	2020-603	2005	baz_new (file dosent exist)
235	צג MPCD	2020-553	2004, 2000	baz_new (file dosent exist)
236	SBC for CLS	SHB130 Rev A2-RC		baz_new (file dosent exist)
237	DAUGHTER BUFFER CARD	19-1066		baz_new (file dosent exist)
238	פנל 4 רעם	85138565002	3521057	baz_new (file dosent exist)
239	FAN for Z440 Type A 	647113-001	01	baz_new (file dosent exist)
240	LCD 24" 	HP Z24N	null	baz_new (file dosent exist)
241	HP Z840 Type C	z840-c		baz_new (file dosent exist)
242	HP Z840 Type B	z840-b	2ua8101sf9	baz_new (file dosent exist)
243	צג EMPCD	2020-584	2001	baz_new (file dosent exist)
244	826 card	162ZP503	162ZP503	baz_new (file dosent exist)
246	ACP-4020-גרבר	4020BP-13		baz_new (file dosent exist)
247	SWITCH CISCO 48 PORTS	WS-C2960X-48TS-L	1 , 2	baz_new (file dosent exist)
249	tdk-lambad	H07071	5173450067	baz_new (file dosent exist)
250	ספק-HRP-300-24V	MW02	EB77967696	baz_new (file dosent exist)
251	ספק MW-RS-100-5	RS-100-5	EB77F15383	baz_new (file dosent exist)
252	ZUP-36-12	0		baz_new (file dosent exist)
253	ADT CLS	0605	C0883, C0884, C0886, C0885                                                           	baz_new (file dosent exist)
254	ufc driver	w-416-101-101-11-00-00	002	baz_new (file dosent exist)
255	מחבר ל- G SUIT	AN816-6-8J	0740-00-M-HB05	baz_new (file dosent exist)
256	LOAD CELL BUFFER CIRCUIT	4000P0001		baz_new (file dosent exist)
257	BSP SIM-5 	R7649931K	0601446479	baz_new (file dosent exist)
258	לוח בקרה למקרן SIM5	R32916507	0600737383	baz_new (file dosent exist)
259	כונן קשיח WD Black 1TB	00K3CA0	1,2,3,4,5,6,9,10,11,12,	baz_new (file dosent exist)
260	כונן קשיח WD Black 4TB	2W10405	5,6,	baz_new (file dosent exist)
261	כרטיס SOUND	40591	157072700397	baz_new (file dosent exist)
262	RAAM UFC CABLE	W416-201-01-45-00-00	1, 2	baz_new (file dosent exist)
263	מאוורים למחשב TYPE B	753936-002	01, 02	baz_new (file dosent exist)
264	מסך LCD לעמדת IOS	LG 4K	43UJ630Y	baz_new (file dosent exist)
265	HUB FORTINET	P19082-03-06	FG200ETK18902929	baz_new (file dosent exist)
266	מנורה משומשת	R842925	16015	baz_new (file dosent exist)
267	lg led TV for ios 	43lj510y	1,2,3	baz_new (file dosent exist)
268	מסך לעמדת מדריך	1js09a4	6cm7491mmb/6cm7491m39	baz_new (file dosent exist)
269	רמקול לעמדת תחקיר	MMS112	80	baz_new (file dosent exist)
270	EMD CONTROLER	218114106	1,2,3	baz_new (file dosent exist)
271	HP FAN Z440	J9P80AA	1,2	baz_new (file dosent exist)
272	ALPHA 400W	31777N/H41229	505180020	baz_new (file dosent exist)
273	כ.רשת פורט 1	E0X95AA	1,2,3,4,5	baz_new (file dosent exist)
274	מחשב SENSOR 2	Z840	2UA8092CPW	baz_new (file dosent exist)
275	folding mirror kit	R84289021K	1,2,3,4,5,6	baz_new (file dosent exist)
276	BPS K FAN RA 24V	B3245981DK	1,2,3,4,5,6,7,8,9,10,11,12,13,14,15,16,17,18,19,20,21,22,23,24,25,26,27	baz_new (file dosent exist)
277	RGB CW גלגל צבעים	R855700K	1,2,3,4,5,6,7,8	baz_new (file dosent exist)
278	BPS K FAN RA 24VD127	B3245903DK	1,2,3,4,5,6,7,8,9,10,11,12,13,14,15,16,17,18	baz_new (file dosent exist)
279	מאוור למקרנים SIM5	RER160-28	1,2,3,4,5	baz_new (file dosent exist)
280	bps k fan ra12v	b3246611dk	1,2,3,4,5,6,7,8,9,10	baz_new (file dosent exist)
281	bps k fan	b3246072k	1,2,3,4,5,6,7,8,9,10,11,12	baz_new (file dosent exist)
282	כרטיס רשת 2 פורטים	8989496105	1,3,	baz_new (file dosent exist)
283	כרטיס רשת פורט 1 	697356	001	baz_new (file dosent exist)
284	מקרן תע"ל בזרעם P7 LED PROJECTOR	6233400046	1461	baz_new (file dosent exist)
285	ssd 500gb דיסק קשיח	ct500mx500ssd1	eo9d , fa45 , e1ba	baz_new (file dosent exist)
286	כרטיס קול sound blaster	SB1350	01178B	baz_new (file dosent exist)
287	115v/50Hz ספק	OFI-1015	0206	baz_new (file dosent exist)
288	switch dell 2824	0F495K	05C-0488-A02,9BO-0330-A01	baz_new (file dosent exist)
289	(12v) מנוע למחוונים	2233t012s	1,2	baz_new (file dosent exist)